[preflight] repo: /home/lenny/json-canon
[preflight] matrix: offline/matrix.yaml
architecture=x86_64
nodes_total=12
container_nodes=6
vm_nodes=6
[preflight] checking base toolchain
[PASS] command available: go
[PASS] command available: tar
[PASS] command available: python3
[FAIL] container engine not reachable: docker (Client: Docker Engine - Community
 Version:    27.4.0
 Context:    default
 Debug Mode: false
 Plugins:
  buildx: Docker Buildx (Docker Inc.)
    Version:  v0.19.2
    Path:     /usr/libexec/docker/cli-plugins/docker-buildx
  compose: Docker Compose (Docker Inc.)
    Version:  v2.31.0
    Path:     /usr/libexec/docker/cli-plugins/docker-compose

Server:
ERROR: permission denied while trying to connect to the Docker daemon socket at unix:///var/run/docker.sock: Get "http://%2Fvar%2Frun%2Fdocker.sock/v1.47/info": dial unix /var/run/docker.sock: connect: permission denied
errors pretty printing info)
[preflight] checking offline container images
[FAIL] container image missing/unreachable: debian12-container -> debian:12-slim ([]
permission denied while trying to connect to the Docker daemon socket at unix:///var/run/docker.sock: Get "http://%2Fvar%2Frun%2Fdocker.sock/v1.47/images/debian:12-slim/json": dial unix /var/run/docker.sock: connect: permission denied)
[FAIL] container image missing/unreachable: ubuntu2204-container -> ubuntu:22.04 ([]
permission denied while trying to connect to the Docker daemon socket at unix:///var/run/docker.sock: Get "http://%2Fvar%2Frun%2Fdocker.sock/v1.47/images/ubuntu:22.04/json": dial unix /var/run/docker.sock: connect: permission denied)
[FAIL] container image missing/unreachable: fedora40-container -> fedora:40 ([]
permission denied while trying to connect to the Docker daemon socket at unix:///var/run/docker.sock: Get "http://%2Fvar%2Frun%2Fdocker.sock/v1.47/images/fedora:40/json": dial unix /var/run/docker.sock: connect: permission denied)
[FAIL] container image missing/unreachable: rocky9-container -> rockylinux:9 ([]
permission denied while trying to connect to the Docker daemon socket at unix:///var/run/docker.sock: Get "http://%2Fvar%2Frun%2Fdocker.sock/v1.47/images/rockylinux:9/json": dial unix /var/run/docker.sock: connect: permission denied)
[FAIL] container image missing/unreachable: alpine320-container -> alpine:3.20 ([]
permission denied while trying to connect to the Docker daemon socket at unix:///var/run/docker.sock: Get "http://%2Fvar%2Frun%2Fdocker.sock/v1.47/images/alpine:3.20/json": dial unix /var/run/docker.sock: connect: permission denied)
[FAIL] container image missing/unreachable: opensuse-container -> opensuse/leap:15 ([]
permission denied while trying to connect to the Docker daemon socket at unix:///var/run/docker.sock: Get "http://%2Fvar%2Frun%2Fdocker.sock/v1.47/images/opensuse/leap:15/json": dial unix /var/run/docker.sock: connect: permission denied)
[preflight] checking vm/libvirt dependencies
[PASS] command available: virsh
[PASS] command available: ssh
[PASS] command available: scp
[PASS] libvirt domain exists: debian12-vm -> debian12-vm
[PASS] snapshot exists: debian12-vm/snapshot-cold
[PASS] vm ssh reachable: debian12-vm -> root@debian12-vm
[PASS] libvirt domain exists: ubuntu2204-vm-ga -> ubuntu2204-vm-ga
[PASS] snapshot exists: ubuntu2204-vm-ga/snapshot-cold
[PASS] vm ssh reachable: ubuntu2204-vm-ga -> root@ubuntu2204-vm-ga
[PASS] libvirt domain exists: ubuntu2204-vm-hwe -> ubuntu2204-vm-hwe
[PASS] snapshot exists: ubuntu2204-vm-hwe/snapshot-cold
[PASS] vm ssh reachable: ubuntu2204-vm-hwe -> root@ubuntu2204-vm-hwe
[PASS] libvirt domain exists: fedora40-vm -> fedora40-vm
[PASS] snapshot exists: fedora40-vm/snapshot-cold
[PASS] vm ssh reachable: fedora40-vm -> root@fedora40-vm
[PASS] libvirt domain exists: rocky9-vm -> rocky9-vm
[PASS] snapshot exists: rocky9-vm/snapshot-cold
[PASS] vm ssh reachable: rocky9-vm -> root@rocky9-vm
[PASS] libvirt domain exists: lts-legacy-kernel-vm -> lts-legacy-kernel-vm
[PASS] snapshot exists: lts-legacy-kernel-vm/snapshot-cold
[PASS] vm ssh reachable: lts-legacy-kernel-vm -> root@lts-legacy-kernel-vm
[preflight] failures=7 warnings=0
[preflight] RESULT=FAIL
