# Offline Replay Audit Summary

- Result: **PASS**
- Evidence: `/home/lenny/json-canon/offline/runs/releases/v0.2.0-rc.3/arm64/offline-evidence.json`
- Matrix: `offline/matrix.arm64.yaml`
- Profile: `offline/profiles/maximal.arm64.yaml`
- Schema: `evidence.v1`
- Profile Name: `maximal-offline-linux-arm64`
- Architecture: `arm64`
- Hard Release Gate: `true`
- Node Count: `12`
- Replay Rows: `60`

## Aggregate Digests

- canonical: `2818166c21e1b445d59b061c5a546eccb54f71566325ea9366ddde30ddd5ebc6`
- exit_code: `73d91ef3f2fd6d709fd8491bb9c547290a1b3a13c234423ca96432f4258235d2`
- failure_class: `af58643f979138dadd16e4c78fd6d60d44d0818a5ce5269696ac3966f1d3306b`
- verify: `66d329b3bd829da527feb00eb97fdb681a0e15c28ac14d8bfed29ecae13e70f6`

## Parity Checks

- canonical_single_digest: `true`
- exit_code_single_digest: `true`
- failure_class_single_digest: `true`
- verify_single_digest: `true`

## Node Replay Counts

- alpine320-container-arm64: `5`
- debian12-container-arm64: `5`
- debian12-vm-arm64: `5`
- fedora40-container-arm64: `5`
- fedora40-vm-arm64: `5`
- lts-legacy-kernel-vm-arm64: `5`
- opensuse-container-arm64: `5`
- rocky9-container-arm64: `5`
- rocky9-vm-arm64: `5`
- ubuntu2204-container-arm64: `5`
- ubuntu2204-vm-ga-arm64: `5`
- ubuntu2204-vm-hwe-arm64: `5`

## Node Case Counts By Replay Index

- alpine320-container-arm64: `[74 74 74 74 74]`
- debian12-container-arm64: `[74 74 74 74 74]`
- debian12-vm-arm64: `[74 74 74 74 74]`
- fedora40-container-arm64: `[74 74 74 74 74]`
- fedora40-vm-arm64: `[74 74 74 74 74]`
- lts-legacy-kernel-vm-arm64: `[74 74 74 74 74]`
- opensuse-container-arm64: `[74 74 74 74 74]`
- rocky9-container-arm64: `[74 74 74 74 74]`
- rocky9-vm-arm64: `[74 74 74 74 74]`
- ubuntu2204-container-arm64: `[74 74 74 74 74]`
- ubuntu2204-vm-ga-arm64: `[74 74 74 74 74]`
- ubuntu2204-vm-hwe-arm64: `[74 74 74 74 74]`
[audit] wrote: /home/lenny/json-canon/offline/runs/releases/v0.2.0-rc.3/arm64/audit/audit-summary.json
[audit] wrote: /home/lenny/json-canon/offline/runs/releases/v0.2.0-rc.3/arm64/audit/audit-summary.md
[audit] wrote: /home/lenny/json-canon/offline/runs/releases/v0.2.0-rc.3/arm64/audit/controller-report.txt
